[0] Ocupado: COSO1410
[1] Ocupado: LNTB0506
[2] Ocupado: AKAR0112
[3] Ocupado: OCSN2104
[4] Ocupado: ICZZ1710
[5] Ocupado: OCPO1602
[6] Ocupado: QITN1203
[7] Ocupado: RIIG0906
[8] Ocupado: RIMI0102
[9] Ocupado: SBFU1712
[10] Ocupado: ILFR1010
[11] Ocupado: CEPO0110
[12] Ocupado: CISO0603
[13] Ocupado: SFCA1211
[14] Ocupado: ICFR2209
[15] Ocupado: ISBE2810
[16] Ocupado: IHTU1606
[17] Ocupado: QCPO1106
[18] Ocupado: SQTC1001
[19] Ocupado: CRSA0904
[20] Ocupado: SNOH2411
[21] Ocupado: EQDE2712
[22] Ocupado: BAAL3002
[23] Ocupado: CHAM1604
[24] Ocupado: KIIG1603
[25] Ocupado: KAHO3104
[26] Ocupado: QCXM0603
[27] Ocupado: KCNA1606
[28] Ocupado: CCSH2511
[29] Ocupado: TIIG0910
[30] Ocupado: LHKA1308
[31] Ocupado: ETCL2601
[32] Ocupado: CSMA1207
[33] Ocupado: SFYE0103
[34] Ocupado: FCHU0608
[35] Ocupado: JIRO1110
[36] Ocupado: JKKU2811
[37] Ocupado: YIIG0908
[38] Ocupado: IRSO2701
[39] Ocupado: HERY1403
[40] Ocupado: JHCH3102
[41] Ocupado: CKBA2702
[42] Ocupado: KPGO2905
[43] Ocupado: CECL3102
[44] Ocupado: HKKA1309
[45] Ocupado: NHLO0906
[46] Ocupado: ONSO0909
[47] Ocupado: BSNU0303
[48] Ocupado: CRHA1704
[49] Ocupado: CSBA0107
[50] Ocupado: QHSW2601
[51] Ocupado: CNDU1610
[52] Ocupado: FRSA1911
[53] Ocupado: CNDU2509
[54] Ocupado: NOAM0109
[55] Ocupado: QATN0204
[56] Ocupado: FAFE1811
[57] Ocupado: NJDU2203
[58] Ocupado: ITWI3101
[59] Ocupado: IAZZ2509
[60] Ocupado: CKSM1601
ICFR2209
Incredible Miracle
CJ Entus
22/09/2012
27:11
Incredible Miracle
27
00
Frozen

CHAM1604
CJ Entus
H2k-Gaming
16/04/2014
30:19
CJ Entus
32
23
Ambition

Registro nao encontrado!

CECL3102
CJ Entus
Edward Gaming
31/02/2011
58:16
Edward Gaming
08
15
Clearlove

Registro nao encontrado!

Registro nao encontrado!

CECL3102
CJ Entus
Edward Gaming
31/02/2011
50:50
Edward Gaming
08
15
Clearlove

Registro nao encontrado!

Registro nao encontrado!

